0 info it worked if it ends with ok
1 verbose cli [ '/usr/bin/nodejs', '/usr/bin/npm', 'update' ]
2 info using npm@1.3.10
3 info using node@v0.10.25
4 info outdated updating undefined
5 error Failed to parse json
5 error Unexpected token <
6 error File: /home/blackjak/Escritorio/CouplingIO/node_modules/passport-google/package.json
7 error Failed to parse package.json data.
7 error package.json must be actual JSON, not just JavaScript.
7 error
7 error This is not a bug in npm.
7 error Tell the package author to fix their package.json file. JSON.parse
8 error System Linux 3.13.0-24-generic
9 error command "/usr/bin/nodejs" "/usr/bin/npm" "update"
10 error cwd /home/blackjak/Escritorio/CouplingIO
11 error node -v v0.10.25
12 error npm -v 1.3.10
13 error file /home/blackjak/Escritorio/CouplingIO/node_modules/passport-google/package.json
14 error code EJSONPARSE
15 verbose exit [ 1, true ]
